<?xml version="1.0" encoding="utf-8"?><testsuites name="pytest tests"><testsuite name="pytest" errors="0" failures="1" skipped="0" tests="13" time="7.639" timestamp="2026-05-05T07:30:02.153068+00:00" hostname="agent-env-4c43f666-2ce0-49be-b7de-a677646443af"><testcase classname="backend.tests.backend_test.TestAuth" name="test_login_invalid" time="0.390" /><testcase classname="backend.tests.backend_test.TestAuth" name="test_register_and_me" time="0.320"><failure message="AssertionError: assert ('test_dc8430f8@example.com' == 'TEST_dc8430f8@example.com'&#10;  &#10;  - TEST_dc8430f8@example.com&#10;  ? ^^^^&#10;  + test_dc8430f8@example.com&#10;  ? ^^^^)">backend/tests/backend_test.py:38: in test_register_and_me
    assert d["email"] == email and "token" in d
E   AssertionError: assert ('test_dc8430f8@example.com' == 'TEST_dc8430f8@example.com'
E     
E     - TEST_dc8430f8@example.com
E     ? ^^^^
E     + test_dc8430f8@example.com
E     ? ^^^^)</failure></testcase><testcase classname="backend.tests.backend_test.TestAuth" name="test_me_without_token" time="0.096" /><testcase classname="backend.tests.backend_test.TestAuth" name="test_protected_endpoints_require_auth" time="0.427" /><testcase classname="backend.tests.backend_test.TestClients" name="test_client_crud" time="0.797" /><testcase classname="backend.tests.backend_test.TestProjects" name="test_project_rejects_unknown_client" time="0.099" /><testcase classname="backend.tests.backend_test.TestProjects" name="test_project_crud" time="0.751" /><testcase classname="backend.tests.backend_test.TestTimeEntries" name="test_start_stop_timer" time="1.920" /><testcase classname="backend.tests.backend_test.TestTimeEntries" name="test_start_stops_running" time="0.761" /><testcase classname="backend.tests.backend_test.TestTimeEntries" name="test_manual_entry_crud_and_filter" time="0.707" /><testcase classname="backend.tests.backend_test.TestDashboardAndCsv" name="test_dashboard_summary" time="0.490" /><testcase classname="backend.tests.backend_test.TestDashboardAndCsv" name="test_csv_export" time="0.094" /><testcase classname="backend.tests.backend_test.TestCascade" name="test_cascade_delete_client" time="0.570" /></testsuite></testsuites>